mode: set
github.com/nanobox-io/golang-discovery/server.go:61.83,79.16 5 1
github.com/nanobox-io/golang-discovery/server.go:82.2,83.16 2 1
github.com/nanobox-io/golang-discovery/server.go:87.2,87.22 1 1
github.com/nanobox-io/golang-discovery/server.go:79.16,81.3 1 0
github.com/nanobox-io/golang-discovery/server.go:83.16,85.3 1 0
github.com/nanobox-io/golang-discovery/server.go:90.45,93.2 1 1
github.com/nanobox-io/golang-discovery/server.go:95.41,97.2 1 1
github.com/nanobox-io/golang-discovery/server.go:99.56,101.2 1 1
github.com/nanobox-io/golang-discovery/server.go:103.43,106.2 1 1
github.com/nanobox-io/golang-discovery/server.go:108.36,113.2 3 1
github.com/nanobox-io/golang-discovery/server.go:115.54,120.6 4 1
github.com/nanobox-io/golang-discovery/server.go:120.6,121.10 1 1
github.com/nanobox-io/golang-discovery/server.go:122.3,123.42 1 1
github.com/nanobox-io/golang-discovery/server.go:126.3,127.14 1 0
github.com/nanobox-io/golang-discovery/server.go:128.3,130.11 1 1
github.com/nanobox-io/golang-discovery/server.go:123.42,125.5 1 1
github.com/nanobox-io/golang-discovery/server.go:131.4,131.33 0 1
github.com/nanobox-io/golang-discovery/server.go:132.4,134.12 2 1
github.com/nanobox-io/golang-discovery/server.go:137.5,139.47 3 1
github.com/nanobox-io/golang-discovery/server.go:134.12,135.14 1 0
github.com/nanobox-io/golang-discovery/server.go:145.59,147.6 2 1
github.com/nanobox-io/golang-discovery/server.go:147.6,150.17 2 1
github.com/nanobox-io/golang-discovery/server.go:155.3,156.38 2 1
github.com/nanobox-io/golang-discovery/server.go:161.3,163.30 2 1
github.com/nanobox-io/golang-discovery/server.go:150.17,152.4 1 1
github.com/nanobox-io/golang-discovery/server.go:156.38,157.12 1 0
github.com/nanobox-io/golang-discovery/server.go:163.30,166.23 2 1
github.com/nanobox-io/golang-discovery/server.go:170.4,175.11 2 1
github.com/nanobox-io/golang-discovery/server.go:166.23,167.13 1 0
github.com/nanobox-io/golang-discovery/server.go:176.4,176.30 0 1
github.com/nanobox-io/golang-discovery/server.go:177.4,178.11 1 0
github.com/nanobox-io/golang-discovery/server.go:184.42,186.38 2 1
github.com/nanobox-io/golang-discovery/server.go:190.2,190.23 1 1
github.com/nanobox-io/golang-discovery/server.go:186.38,188.3 1 1
github.com/nanobox-io/golang-discovery/server.go:193.42,197.2 3 1
github.com/nanobox-io/golang-discovery/server.go:199.60,201.6 2 1
github.com/nanobox-io/golang-discovery/server.go:201.6,202.10 1 1
github.com/nanobox-io/golang-discovery/server.go:203.3,203.12 0 1
github.com/nanobox-io/golang-discovery/server.go:204.3,205.10 1 1
