mode: set
github.com/nanobox-io/golang-discovery/server.go:61.83,79.16 5 1
github.com/nanobox-io/golang-discovery/server.go:82.2,83.16 2 1
github.com/nanobox-io/golang-discovery/server.go:87.2,87.22 1 1
github.com/nanobox-io/golang-discovery/server.go:79.16,81.3 1 0
github.com/nanobox-io/golang-discovery/server.go:83.16,85.3 1 0
github.com/nanobox-io/golang-discovery/server.go:90.45,93.2 1 0
github.com/nanobox-io/golang-discovery/server.go:95.41,97.2 1 0
github.com/nanobox-io/golang-discovery/server.go:99.56,101.2 1 1
github.com/nanobox-io/golang-discovery/server.go:103.43,106.2 1 0
github.com/nanobox-io/golang-discovery/server.go:108.36,113.2 3 1
github.com/nanobox-io/golang-discovery/server.go:115.54,120.6 4 1
github.com/nanobox-io/golang-discovery/server.go:120.6,121.10 1 1
github.com/nanobox-io/golang-discovery/server.go:122.3,123.42 1 1
github.com/nanobox-io/golang-discovery/server.go:126.3,127.14 1 0
github.com/nanobox-io/golang-discovery/server.go:128.3,130.11 1 0
github.com/nanobox-io/golang-discovery/server.go:123.42,125.5 1 1
github.com/nanobox-io/golang-discovery/server.go:131.4,131.33 0 0
github.com/nanobox-io/golang-discovery/server.go:132.4,134.12 2 0
github.com/nanobox-io/golang-discovery/server.go:137.5,139.47 3 0
github.com/nanobox-io/golang-discovery/server.go:134.12,135.14 1 0
github.com/nanobox-io/golang-discovery/server.go:145.42,148.6 3 1
github.com/nanobox-io/golang-discovery/server.go:148.6,153.17 4 1
github.com/nanobox-io/golang-discovery/server.go:158.3,159.38 2 0
github.com/nanobox-io/golang-discovery/server.go:164.3,166.30 2 0
github.com/nanobox-io/golang-discovery/server.go:153.17,155.4 1 1
github.com/nanobox-io/golang-discovery/server.go:159.38,160.12 1 0
github.com/nanobox-io/golang-discovery/server.go:166.30,169.23 2 0
github.com/nanobox-io/golang-discovery/server.go:173.4,178.11 2 0
github.com/nanobox-io/golang-discovery/server.go:169.23,170.13 1 0
github.com/nanobox-io/golang-discovery/server.go:179.4,179.30 0 0
github.com/nanobox-io/golang-discovery/server.go:180.4,181.11 1 0
github.com/nanobox-io/golang-discovery/server.go:187.42,189.38 2 1
github.com/nanobox-io/golang-discovery/server.go:193.2,193.23 1 1
github.com/nanobox-io/golang-discovery/server.go:189.38,191.3 1 0
github.com/nanobox-io/golang-discovery/server.go:196.42,200.2 3 1
github.com/nanobox-io/golang-discovery/server.go:202.60,204.6 2 0
github.com/nanobox-io/golang-discovery/server.go:204.6,205.10 1 0
github.com/nanobox-io/golang-discovery/server.go:206.3,206.12 0 0
github.com/nanobox-io/golang-discovery/server.go:207.3,208.10 1 0
